[debug] [2025-05-25T00:49:41.410Z] ----------------------------------------------------------------------
[debug] [2025-05-25T00:49:41.421Z] Command:       C:\Program Files\nodejs\node.exe C:\Users\maurojas\AppData\Roaming\npm\node_modules\firebase-tools\lib\bin\firebase.js deploy --only hosting
[debug] [2025-05-25T00:49:41.422Z] CLI Version:   14.2.2
[debug] [2025-05-25T00:49:41.422Z] Platform:      win32
[debug] [2025-05-25T00:49:41.422Z] Node Version:  v22.15.0
[debug] [2025-05-25T00:49:41.423Z] Time:          Sat May 24 2025 21:49:41 GMT-0300 (hora estándar de Argentina)
[debug] [2025-05-25T00:49:41.424Z] ----------------------------------------------------------------------
[debug] 
[debug] [2025-05-25T00:49:41.429Z] >>> [apiv2][query] GET https://firebase-public.firebaseio.com/cli.json [none]
[debug] [2025-05-25T00:49:41.898Z] > command requires scopes: ["email","openid","https://www.googleapis.com/auth/cloudplatformprojects.readonly","https://www.googleapis.com/auth/firebase","https://www.googleapis.com/auth/cloud-platform"]
[debug] [2025-05-25T00:49:41.898Z] > authorizing via signed-in user (mauriciocc.rojas@gmail.com)
[debug] [2025-05-25T00:49:41.899Z] [iam] checking project gamecenter-17 for permissions ["firebase.projects.get","firebasehosting.sites.update"]
[debug] [2025-05-25T00:49:41.901Z] Checked if tokens are valid: false, expires at: 1747615639309
[debug] [2025-05-25T00:49:41.902Z] Checked if tokens are valid: false, expires at: 1747615639309
[debug] [2025-05-25T00:49:41.902Z] > refreshing access token with scopes: []
[debug] [2025-05-25T00:49:41.904Z] >>> [apiv2][query] POST https://www.googleapis.com/oauth2/v3/token [none]
[debug] [2025-05-25T00:49:41.904Z] >>> [apiv2][body] POST https://www.googleapis.com/oauth2/v3/token [omitted]
[debug] [2025-05-25T00:49:42.175Z] <<< [apiv2][status] POST https://www.googleapis.com/oauth2/v3/token 200
[debug] [2025-05-25T00:49:42.175Z] <<< [apiv2][body] POST https://www.googleapis.com/oauth2/v3/token [omitted]
[debug] [2025-05-25T00:49:42.216Z] >>> [apiv2][query] POST https://cloudresourcemanager.googleapis.com/v1/projects/gamecenter-17:testIamPermissions [none]
[debug] [2025-05-25T00:49:42.216Z] >>> [apiv2][(partial)header] POST https://cloudresourcemanager.googleapis.com/v1/projects/gamecenter-17:testIamPermissions x-goog-quota-user=projects/gamecenter-17
[debug] [2025-05-25T00:49:42.216Z] >>> [apiv2][body] POST https://cloudresourcemanager.googleapis.com/v1/projects/gamecenter-17:testIamPermissions {"permissions":["firebase.projects.get","firebasehosting.sites.update"]}
[debug] [2025-05-25T00:49:42.309Z] <<< [apiv2][status] GET https://firebase-public.firebaseio.com/cli.json 200
[debug] [2025-05-25T00:49:42.309Z] <<< [apiv2][body] GET https://firebase-public.firebaseio.com/cli.json {"cloudBuildErrorAfter":1594252800000,"cloudBuildWarnAfter":1590019200000,"defaultNode10After":1594252800000,"minVersion":"3.0.5","node8DeploysDisabledAfter":1613390400000,"node8RuntimeDisabledAfter":1615809600000,"node8WarnAfter":1600128000000}
[debug] [2025-05-25T00:49:43.226Z] <<< [apiv2][status] POST https://cloudresourcemanager.googleapis.com/v1/projects/gamecenter-17:testIamPermissions 200
[debug] [2025-05-25T00:49:43.226Z] <<< [apiv2][body] POST https://cloudresourcemanager.googleapis.com/v1/projects/gamecenter-17:testIamPermissions {"permissions":["firebase.projects.get","firebasehosting.sites.update"]}
[debug] [2025-05-25T00:49:43.227Z] Checked if tokens are valid: true, expires at: 1748137781175
[debug] [2025-05-25T00:49:43.227Z] Checked if tokens are valid: true, expires at: 1748137781175
[debug] [2025-05-25T00:49:43.227Z] >>> [apiv2][query] GET https://firebase.googleapis.com/v1beta1/projects/gamecenter-17 [none]
[debug] [2025-05-25T00:49:43.717Z] <<< [apiv2][status] GET https://firebase.googleapis.com/v1beta1/projects/gamecenter-17 200
[debug] [2025-05-25T00:49:43.717Z] <<< [apiv2][body] GET https://firebase.googleapis.com/v1beta1/projects/gamecenter-17 {"projectId":"gamecenter-17","projectNumber":"672183019245","displayName":"GameCenter-17","name":"projects/gamecenter-17","resources":{"hostingSite":"gamecenter-17"},"state":"ACTIVE","etag":"1_61cce41b-3596-4346-b61c-4906292fbe53"}
[info] 
[info] === Deploying to 'gamecenter-17'...
[info] 
[info] i  deploying hosting 
[debug] [2025-05-25T00:49:43.733Z] Checked if tokens are valid: true, expires at: 1748137781175
[debug] [2025-05-25T00:49:43.733Z] Checked if tokens are valid: true, expires at: 1748137781175
[debug] [2025-05-25T00:49:43.733Z] >>> [apiv2][query] POST https://firebasehosting.googleapis.com/v1beta1/projects/-/sites/gamecenter-17/versions [none]
[debug] [2025-05-25T00:49:43.734Z] >>> [apiv2][body] POST https://firebasehosting.googleapis.com/v1beta1/projects/-/sites/gamecenter-17/versions {"status":"CREATED","labels":{"deployment-tool":"cli-firebase"}}
[debug] [2025-05-25T00:49:45.884Z] <<< [apiv2][status] POST https://firebasehosting.googleapis.com/v1beta1/projects/-/sites/gamecenter-17/versions 200
[debug] [2025-05-25T00:49:45.884Z] <<< [apiv2][body] POST https://firebasehosting.googleapis.com/v1beta1/projects/-/sites/gamecenter-17/versions {"name":"projects/672183019245/sites/gamecenter-17/versions/b2e49dd5fc635904","status":"CREATED","config":{},"labels":{"deployment-tool":"cli-firebase"}}
[info] i  hosting[gamecenter-17]: beginning deploy... 
[info] i  hosting[gamecenter-17]: found 27 files in dist/gamecenter/browser 
[debug] [2025-05-25T00:49:45.941Z] [hosting] uploading with 200 concurrency
[debug] [2025-05-25T00:49:46.030Z] Checked if tokens are valid: true, expires at: 1748137781175
[debug] [2025-05-25T00:49:46.030Z] Checked if tokens are valid: true, expires at: 1748137781175
[debug] [2025-05-25T00:49:46.042Z] [hosting] hash cache [ZGlzdFxnYW1lY2VudGVyXGJyb3dzZXI] stored for 27 files
[debug] [2025-05-25T00:49:46.043Z] [hosting][hash queue][FINAL] {"max":67,"min":1,"avg":40.22222222222222,"active":0,"complete":27,"success":27,"errored":0,"retried":0,"total":27,"elapsed":82}
[debug] [2025-05-25T00:49:46.044Z] >>> [apiv2][query] POST https://firebasehosting.googleapis.com/v1beta1/projects/672183019245/sites/gamecenter-17/versions/b2e49dd5fc635904:populateFiles [none]
[debug] [2025-05-25T00:49:46.044Z] >>> [apiv2][body] POST https://firebasehosting.googleapis.com/v1beta1/projects/672183019245/sites/gamecenter-17/versions/b2e49dd5fc635904:populateFiles {"files":{"/assets/myfavicon.ico":"9eb1f1facf5d1fab26c213bbcb46aeb76d40bd1049ef365f440fe41662f4b37c","/assets/img/imgperfillabiv.jpg":"194121c1b560933e90513f6feb40e0b7c914c8a18bdb96b1a79c65c99f76c93f","/assets/img/favicon.png":"64cf8176b3ca1a2818ad99e0bd7a025f9cbb1679f389b06b471435dc74909438","/index.html":"32f24603fb91edc68fa6163d327f6240c0de58577fbb9ea76388ace3f19caf0a","/polyfills-FFHMD2TL.js":"736494ba509ebe13a13ff57f0d4921ecfd9eb2ac4e8efe5d5fc1704b4b1d9b35","/chunk-YJDKM72P.js":"b34db71fd2d752ca4aa8d1a73eb751de2b96e4320f897cf0402858c8fe5994f5","/main-5WWCHJ75.js":"91ea570c39768896780d318fe197a6f79879f391a24ae02312cb6135cd933cf6","/chunk-O742VDQM.js":"08341fa5b38392739bcaa61e35c7177115d8a70b39bb5b88ea1e7eea31e7f369","/chunk-RAS5QXKA.js":"abf7529f6a34180f6036414d796b2d37fd9d44ea5dc670f773a5f2cde9cff1fe","/chunk-RS6LHQUM.js":"8b4f2b1b48735333cac4d497eefda771673d5ebff6bdc3c4a189208b7adf9147","/chunk-MNA53J3U.js":"b1a39feee7328c943aa9c4fe7491247c2b564cf063d1b5dd11db2002c0abe40f","/chunk-M3U5MHUS.js":"4d91aa225e7069625748378a653c0ce7b8999619c4a6989b74cd98e6e6517364","/chunk-KQDT4R6V.js":"6eeeaa4cceb264908de5f061827f93e3f1cb97b7640caae3474dcb91da8db5f6","/chunk-C46SMIX6.js":"8c2652a815754ca223746543deda4c607d646a07f8bb3c9c5357377d3bbe544c","/chunk-FOYJHURO.js":"9e2431511b35e5f4287db70abe4841eaa1b1b0e8b5380544d9ba264cebb9cf5f","/chunk-NK4RV4D4.js":"1ce7906b2df56c0f85156a053223f909e7a3b9dead70773058a1d77ef0f10fd8","/chunk-6QTYN6FK.js":"4caa664a1a6589b6e6de6efbd55d667882b53c1d6aa36220c346e7d3a3aa3aef","/chunk-6ISG364Z.js":"e5c8d28dd7063733aac6a5816137722dcf6e1e1c635b6abac2a698f4ceb74b31","/chunk-5PDZ6P5C.js":"29645991170d94465e91ec7480538f64b4091f8958ef62aaf55f3f18e8f23e1b","/chunk-AUN2OZNF.js":"6d9f0d1fb8ee12398c3505f9b89e449a649465384bcbbe46e00406361c94e20a","/chunk-3TYWH7Q3.js":"41b63a2077bf158b73e2c36d7c39269367763aa4352150c7b0c0e0d269124e8f","/chunk-4CGD4K3Y.js":"5d5c8f8cd674915f27c28def152cb72225caa2f55542556882561585c8ca098f","/chunk-3L2XQNKP.js":"e776baf6124195af557ee5ba9b30e0de1f8902d195447f5010f3a783b422b2f7","/chunk-EBVBQ6FE.js":"55b8da953ce5a3c80fc86e1955480a2c1866240a29bf9ae9b74c9cbeb3ac5b0f","/chunk-BKKPCO3N.js":"d375d9bdd6198c3317eee6088f3b7c184c132406b3c6335743cb1f993ffb5c9c","/chunk-YUVKZRFF.js":"fab90989fd4ecd1c31f2438a3244c65243d72671bd2d7a2a6ac04e729a5e2cee","/styles-DPQ53L3S.css":"5e863d7bddc0a01888ab52d442b803f55665108011389e230d0017c6c9d44abc"}}
[debug] [2025-05-25T00:49:46.723Z] <<< [apiv2][status] POST https://firebasehosting.googleapis.com/v1beta1/projects/672183019245/sites/gamecenter-17/versions/b2e49dd5fc635904:populateFiles 200
[debug] [2025-05-25T00:49:46.723Z] <<< [apiv2][body] POST https://firebasehosting.googleapis.com/v1beta1/projects/672183019245/sites/gamecenter-17/versions/b2e49dd5fc635904:populateFiles {"uploadRequiredHashes":["6d9f0d1fb8ee12398c3505f9b89e449a649465384bcbbe46e00406361c94e20a","8c2652a815754ca223746543deda4c607d646a07f8bb3c9c5357377d3bbe544c","5d5c8f8cd674915f27c28def152cb72225caa2f55542556882561585c8ca098f","b1a39feee7328c943aa9c4fe7491247c2b564cf063d1b5dd11db2002c0abe40f","08341fa5b38392739bcaa61e35c7177115d8a70b39bb5b88ea1e7eea31e7f369","abf7529f6a34180f6036414d796b2d37fd9d44ea5dc670f773a5f2cde9cff1fe","1ce7906b2df56c0f85156a053223f909e7a3b9dead70773058a1d77ef0f10fd8","e776baf6124195af557ee5ba9b30e0de1f8902d195447f5010f3a783b422b2f7","6eeeaa4cceb264908de5f061827f93e3f1cb97b7640caae3474dcb91da8db5f6","41b63a2077bf158b73e2c36d7c39269367763aa4352150c7b0c0e0d269124e8f","9e2431511b35e5f4287db70abe4841eaa1b1b0e8b5380544d9ba264cebb9cf5f","32f24603fb91edc68fa6163d327f6240c0de58577fbb9ea76388ace3f19caf0a","91ea570c39768896780d318fe197a6f79879f391a24ae02312cb6135cd933cf6","4caa664a1a6589b6e6de6efbd55d667882b53c1d6aa36220c346e7d3a3aa3aef"],"uploadUrl":"https://upload-firebasehosting.googleapis.com/upload/sites/gamecenter-17/versions/b2e49dd5fc635904/files"}
[debug] [2025-05-25T00:49:46.723Z] Checked if tokens are valid: true, expires at: 1748137781175
[debug] [2025-05-25T00:49:46.723Z] Checked if tokens are valid: true, expires at: 1748137781175
[debug] [2025-05-25T00:49:46.724Z] Checked if tokens are valid: true, expires at: 1748137781175
[debug] [2025-05-25T00:49:46.724Z] Checked if tokens are valid: true, expires at: 1748137781175
[debug] [2025-05-25T00:49:46.724Z] Checked if tokens are valid: true, expires at: 1748137781175
[debug] [2025-05-25T00:49:46.724Z] Checked if tokens are valid: true, expires at: 1748137781175
[debug] [2025-05-25T00:49:46.724Z] Checked if tokens are valid: true, expires at: 1748137781175
[debug] [2025-05-25T00:49:46.724Z] Checked if tokens are valid: true, expires at: 1748137781175
[debug] [2025-05-25T00:49:46.724Z] Checked if tokens are valid: true, expires at: 1748137781175
[debug] [2025-05-25T00:49:46.724Z] Checked if tokens are valid: true, expires at: 1748137781175
[debug] [2025-05-25T00:49:46.724Z] Checked if tokens are valid: true, expires at: 1748137781175
[debug] [2025-05-25T00:49:46.725Z] Checked if tokens are valid: true, expires at: 1748137781175
[debug] [2025-05-25T00:49:46.725Z] Checked if tokens are valid: true, expires at: 1748137781175
[debug] [2025-05-25T00:49:46.725Z] Checked if tokens are valid: true, expires at: 1748137781175
[debug] [2025-05-25T00:49:46.725Z] Checked if tokens are valid: true, expires at: 1748137781175
[debug] [2025-05-25T00:49:46.725Z] Checked if tokens are valid: true, expires at: 1748137781175
[debug] [2025-05-25T00:49:46.725Z] Checked if tokens are valid: true, expires at: 1748137781175
[debug] [2025-05-25T00:49:46.725Z] Checked if tokens are valid: true, expires at: 1748137781175
[debug] [2025-05-25T00:49:46.725Z] Checked if tokens are valid: true, expires at: 1748137781175
[debug] [2025-05-25T00:49:46.725Z] Checked if tokens are valid: true, expires at: 1748137781175
[debug] [2025-05-25T00:49:46.725Z] Checked if tokens are valid: true, expires at: 1748137781175
[debug] [2025-05-25T00:49:46.726Z] Checked if tokens are valid: true, expires at: 1748137781175
[debug] [2025-05-25T00:49:46.726Z] Checked if tokens are valid: true, expires at: 1748137781175
[debug] [2025-05-25T00:49:46.726Z] Checked if tokens are valid: true, expires at: 1748137781175
[debug] [2025-05-25T00:49:46.726Z] Checked if tokens are valid: true, expires at: 1748137781175
[debug] [2025-05-25T00:49:46.726Z] Checked if tokens are valid: true, expires at: 1748137781175
[debug] [2025-05-25T00:49:46.726Z] Checked if tokens are valid: true, expires at: 1748137781175
[debug] [2025-05-25T00:49:46.726Z] Checked if tokens are valid: true, expires at: 1748137781175
[debug] [2025-05-25T00:49:46.726Z] >>> [apiv2][query] POST https://upload-firebasehosting.googleapis.com/upload/sites/gamecenter-17/versions/b2e49dd5fc635904/files/6d9f0d1fb8ee12398c3505f9b89e449a649465384bcbbe46e00406361c94e20a [none]
[debug] [2025-05-25T00:49:46.726Z] >>> [apiv2][body] POST https://upload-firebasehosting.googleapis.com/upload/sites/gamecenter-17/versions/b2e49dd5fc635904/files/6d9f0d1fb8ee12398c3505f9b89e449a649465384bcbbe46e00406361c94e20a [stream]
[debug] [2025-05-25T00:49:46.728Z] >>> [apiv2][query] POST https://upload-firebasehosting.googleapis.com/upload/sites/gamecenter-17/versions/b2e49dd5fc635904/files/8c2652a815754ca223746543deda4c607d646a07f8bb3c9c5357377d3bbe544c [none]
[debug] [2025-05-25T00:49:46.728Z] >>> [apiv2][body] POST https://upload-firebasehosting.googleapis.com/upload/sites/gamecenter-17/versions/b2e49dd5fc635904/files/8c2652a815754ca223746543deda4c607d646a07f8bb3c9c5357377d3bbe544c [stream]
[debug] [2025-05-25T00:49:46.729Z] >>> [apiv2][query] POST https://upload-firebasehosting.googleapis.com/upload/sites/gamecenter-17/versions/b2e49dd5fc635904/files/5d5c8f8cd674915f27c28def152cb72225caa2f55542556882561585c8ca098f [none]
[debug] [2025-05-25T00:49:46.729Z] >>> [apiv2][body] POST https://upload-firebasehosting.googleapis.com/upload/sites/gamecenter-17/versions/b2e49dd5fc635904/files/5d5c8f8cd674915f27c28def152cb72225caa2f55542556882561585c8ca098f [stream]
[debug] [2025-05-25T00:49:46.731Z] >>> [apiv2][query] POST https://upload-firebasehosting.googleapis.com/upload/sites/gamecenter-17/versions/b2e49dd5fc635904/files/b1a39feee7328c943aa9c4fe7491247c2b564cf063d1b5dd11db2002c0abe40f [none]
[debug] [2025-05-25T00:49:46.731Z] >>> [apiv2][body] POST https://upload-firebasehosting.googleapis.com/upload/sites/gamecenter-17/versions/b2e49dd5fc635904/files/b1a39feee7328c943aa9c4fe7491247c2b564cf063d1b5dd11db2002c0abe40f [stream]
[debug] [2025-05-25T00:49:46.732Z] >>> [apiv2][query] POST https://upload-firebasehosting.googleapis.com/upload/sites/gamecenter-17/versions/b2e49dd5fc635904/files/08341fa5b38392739bcaa61e35c7177115d8a70b39bb5b88ea1e7eea31e7f369 [none]
[debug] [2025-05-25T00:49:46.732Z] >>> [apiv2][body] POST https://upload-firebasehosting.googleapis.com/upload/sites/gamecenter-17/versions/b2e49dd5fc635904/files/08341fa5b38392739bcaa61e35c7177115d8a70b39bb5b88ea1e7eea31e7f369 [stream]
[debug] [2025-05-25T00:49:46.733Z] >>> [apiv2][query] POST https://upload-firebasehosting.googleapis.com/upload/sites/gamecenter-17/versions/b2e49dd5fc635904/files/abf7529f6a34180f6036414d796b2d37fd9d44ea5dc670f773a5f2cde9cff1fe [none]
[debug] [2025-05-25T00:49:46.733Z] >>> [apiv2][body] POST https://upload-firebasehosting.googleapis.com/upload/sites/gamecenter-17/versions/b2e49dd5fc635904/files/abf7529f6a34180f6036414d796b2d37fd9d44ea5dc670f773a5f2cde9cff1fe [stream]
[debug] [2025-05-25T00:49:46.734Z] >>> [apiv2][query] POST https://upload-firebasehosting.googleapis.com/upload/sites/gamecenter-17/versions/b2e49dd5fc635904/files/1ce7906b2df56c0f85156a053223f909e7a3b9dead70773058a1d77ef0f10fd8 [none]
[debug] [2025-05-25T00:49:46.734Z] >>> [apiv2][body] POST https://upload-firebasehosting.googleapis.com/upload/sites/gamecenter-17/versions/b2e49dd5fc635904/files/1ce7906b2df56c0f85156a053223f909e7a3b9dead70773058a1d77ef0f10fd8 [stream]
[debug] [2025-05-25T00:49:46.735Z] >>> [apiv2][query] POST https://upload-firebasehosting.googleapis.com/upload/sites/gamecenter-17/versions/b2e49dd5fc635904/files/e776baf6124195af557ee5ba9b30e0de1f8902d195447f5010f3a783b422b2f7 [none]
[debug] [2025-05-25T00:49:46.735Z] >>> [apiv2][body] POST https://upload-firebasehosting.googleapis.com/upload/sites/gamecenter-17/versions/b2e49dd5fc635904/files/e776baf6124195af557ee5ba9b30e0de1f8902d195447f5010f3a783b422b2f7 [stream]
[debug] [2025-05-25T00:49:46.736Z] >>> [apiv2][query] POST https://upload-firebasehosting.googleapis.com/upload/sites/gamecenter-17/versions/b2e49dd5fc635904/files/6eeeaa4cceb264908de5f061827f93e3f1cb97b7640caae3474dcb91da8db5f6 [none]
[debug] [2025-05-25T00:49:46.736Z] >>> [apiv2][body] POST https://upload-firebasehosting.googleapis.com/upload/sites/gamecenter-17/versions/b2e49dd5fc635904/files/6eeeaa4cceb264908de5f061827f93e3f1cb97b7640caae3474dcb91da8db5f6 [stream]
[debug] [2025-05-25T00:49:46.736Z] >>> [apiv2][query] POST https://upload-firebasehosting.googleapis.com/upload/sites/gamecenter-17/versions/b2e49dd5fc635904/files/41b63a2077bf158b73e2c36d7c39269367763aa4352150c7b0c0e0d269124e8f [none]
[debug] [2025-05-25T00:49:46.737Z] >>> [apiv2][body] POST https://upload-firebasehosting.googleapis.com/upload/sites/gamecenter-17/versions/b2e49dd5fc635904/files/41b63a2077bf158b73e2c36d7c39269367763aa4352150c7b0c0e0d269124e8f [stream]
[debug] [2025-05-25T00:49:46.738Z] >>> [apiv2][query] POST https://upload-firebasehosting.googleapis.com/upload/sites/gamecenter-17/versions/b2e49dd5fc635904/files/9e2431511b35e5f4287db70abe4841eaa1b1b0e8b5380544d9ba264cebb9cf5f [none]
[debug] [2025-05-25T00:49:46.738Z] >>> [apiv2][body] POST https://upload-firebasehosting.googleapis.com/upload/sites/gamecenter-17/versions/b2e49dd5fc635904/files/9e2431511b35e5f4287db70abe4841eaa1b1b0e8b5380544d9ba264cebb9cf5f [stream]
[debug] [2025-05-25T00:49:46.740Z] >>> [apiv2][query] POST https://upload-firebasehosting.googleapis.com/upload/sites/gamecenter-17/versions/b2e49dd5fc635904/files/32f24603fb91edc68fa6163d327f6240c0de58577fbb9ea76388ace3f19caf0a [none]
[debug] [2025-05-25T00:49:46.740Z] >>> [apiv2][body] POST https://upload-firebasehosting.googleapis.com/upload/sites/gamecenter-17/versions/b2e49dd5fc635904/files/32f24603fb91edc68fa6163d327f6240c0de58577fbb9ea76388ace3f19caf0a [stream]
[debug] [2025-05-25T00:49:46.741Z] >>> [apiv2][query] POST https://upload-firebasehosting.googleapis.com/upload/sites/gamecenter-17/versions/b2e49dd5fc635904/files/91ea570c39768896780d318fe197a6f79879f391a24ae02312cb6135cd933cf6 [none]
[debug] [2025-05-25T00:49:46.741Z] >>> [apiv2][body] POST https://upload-firebasehosting.googleapis.com/upload/sites/gamecenter-17/versions/b2e49dd5fc635904/files/91ea570c39768896780d318fe197a6f79879f391a24ae02312cb6135cd933cf6 [stream]
[debug] [2025-05-25T00:49:46.742Z] >>> [apiv2][query] POST https://upload-firebasehosting.googleapis.com/upload/sites/gamecenter-17/versions/b2e49dd5fc635904/files/4caa664a1a6589b6e6de6efbd55d667882b53c1d6aa36220c346e7d3a3aa3aef [none]
[debug] [2025-05-25T00:49:46.742Z] >>> [apiv2][body] POST https://upload-firebasehosting.googleapis.com/upload/sites/gamecenter-17/versions/b2e49dd5fc635904/files/4caa664a1a6589b6e6de6efbd55d667882b53c1d6aa36220c346e7d3a3aa3aef [stream]
[debug] [2025-05-25T00:49:46.743Z] [hosting][populate queue][FINAL] {"max":696,"min":696,"avg":696,"active":0,"complete":1,"success":1,"errored":0,"retried":0,"total":1,"elapsed":713}
[debug] [2025-05-25T00:49:46.743Z] [hosting] uploads queued: 14
